<?xml version="1.0" encoding="UTF-8"?>
<!-- Generated by org.testng.reporters.JUnitXMLReporter -->
<testsuite ignored="0" hostname="LAPTOP-L3J7KBEK" failures="0" tests="8" name="Para Bank APP Login Page Test" time="17.143" errors="0" timestamp="2023-05-04T23:16:02 IST">
  <testcase classname="com.PB.PageTest.PB_LoginpageTest" name="currenturlTest" time="0.014"/>
  <testcase classname="com.PB.PageTest.PB_LoginpageTest" name="headertextTest" time="0.035"/>
  <testcase classname="com.PB.PageTest.PB_LoginpageTest" name="errormsgTest" time="0.895"/>
  <testcase classname="com.PB.PageTest.PB_LoginpageTest" name="errtextTest" time="0.652"/>
  <testcase classname="com.PB.PageTest.PB_LoginpageTest" name="invalidloginTest" time="0.527"/>
  <testcase classname="com.PB.PageTest.PB_LoginpageTest" name="invalidloginTest1" time="0.519"/>
  <testcase classname="com.PB.PageTest.PB_LoginpageTest" name="invalidloginTest2" time="0.575"/>
  <testcase classname="com.PB.PageTest.PB_LoginpageTest" name="successfullLoginTest" time="1.073"/>
</testsuite> <!-- Para Bank APP Login Page Test -->
