<?xml version="1.0" encoding="UTF-8"?>
<!-- Generated by org.testng.reporters.JUnitXMLReporter -->
<testsuite ignored="0" hostname="LAPTOP-L3J7KBEK" failures="0" tests="3" name="Para Bank APP TransferFunds Page Test" time="20.217" errors="0" timestamp="2023-05-04T23:17:14 IST">
  <testcase classname="com.PB.PageTest.PB_TransferFundsPageTest" name="getpageurlTest" time="0.005"/>
  <testcase classname="com.PB.PageTest.PB_TransferFundsPageTest" name="pageheadertextTest" time="0.055"/>
  <testcase classname="com.PB.PageTest.PB_TransferFundsPageTest" name="errormsgTest" time="5.627"/>
</testsuite> <!-- Para Bank APP TransferFunds Page Test -->
