<?xml version="1.0" encoding="UTF-8"?>
<!-- Generated by org.testng.reporters.JUnitXMLReporter -->
<testsuite ignored="0" hostname="LAPTOP-L3J7KBEK" failures="0" tests="3" name="Para Bank APP Updatecontactinfo Page Test" time="14.927" errors="0" timestamp="2023-05-04T23:17:54 IST">
  <testcase classname="com.PB.PageTest.PB_Upadate_contact_infopageTest" name="getpageurl" time="0.006"/>
  <testcase classname="com.PB.PageTest.PB_Upadate_contact_infopageTest" name="Page_headerTest" time="0.044"/>
  <testcase classname="com.PB.PageTest.PB_Upadate_contact_infopageTest" name="updatedSuccesfullyTest" time="1.298"/>
</testsuite> <!-- Para Bank APP Updatecontactinfo Page Test -->
