<?xml version="1.0" encoding="UTF-8"?>
<!-- Generated by org.testng.reporters.JUnitXMLReporter -->
<testsuite ignored="0" hostname="LAPTOP-L3J7KBEK" failures="0" tests="3" name="Para Bank APP OpenNewAccount Page Test" time="21.991" errors="0" timestamp="2023-05-04T23:16:37 IST">
  <testcase classname="com.PB.PageTest.PB_OpenNewAccountPageTest" name="currenurlTest" time="0.006"/>
  <testcase classname="com.PB.PageTest.PB_OpenNewAccountPageTest" name="headertextTest" time="0.032"/>
  <testcase classname="com.PB.PageTest.PB_OpenNewAccountPageTest" name="createAccountTest" time="10.228"/>
</testsuite> <!-- Para Bank APP OpenNewAccount Page Test -->
