<?xml version="1.0" encoding="UTF-8"?>
<!-- Generated by org.testng.reporters.JUnitXMLReporter -->
<testsuite ignored="0" hostname="LAPTOP-L3J7KBEK" failures="0" tests="5" name="Para Bank APP Admin page Test" time="12.234" errors="0" timestamp="2023-05-04T23:18:23 IST">
  <testcase classname="com.PB.PageTest.PB_AdminpageTest" name="getadminpage_urlTest" time="0.005"/>
  <testcase classname="com.PB.PageTest.PB_AdminpageTest" name="admin_paheheaderTest" time="0.05"/>
  <testcase classname="com.PB.PageTest.PB_AdminpageTest" name="admintableheading_textTest" time="0.08"/>
  <testcase classname="com.PB.PageTest.PB_AdminpageTest" name="tablecountTest" time="0.011"/>
  <testcase classname="com.PB.PageTest.PB_AdminpageTest" name="databaseTextTest" time="0.533"/>
</testsuite> <!-- Para Bank APP Admin page Test -->
