<?xml version="1.0" encoding="UTF-8"?>
<!-- Generated by org.testng.reporters.JUnitXMLReporter -->
<testsuite ignored="0" hostname="LAPTOP-L3J7KBEK" failures="0" tests="2" name="Para Bank APP Logout Page Test" time="16.916" errors="0" timestamp="2023-05-04T23:18:11 IST">
  <testcase classname="com.PB.PageTest.PB_LogoutPageTest" name="getloginpageURLTest" time="0.013"/>
  <testcase classname="com.PB.PageTest.PB_LogoutPageTest" name="getpageTitleTest" time="0.041"/>
</testsuite> <!-- Para Bank APP Logout Page Test -->
