<?xml version="1.0" encoding="UTF-8"?>
<!-- Generated by org.testng.reporters.JUnitXMLReporter -->
<testsuite ignored="0" hostname="LAPTOP-L3J7KBEK" failures="0" tests="6" name="Para Bank APP BillPay Page Test" time="12.896" errors="0" timestamp="2023-05-04T23:17:26 IST">
  <testcase classname="com.PB.PageTest.PB_BillPayTest" name="geturlTest" time="0.007"/>
  <testcase classname="com.PB.PageTest.PB_BillPayTest" name="PageheaderTest" time="0.046"/>
  <testcase classname="com.PB.PageTest.PB_BillPayTest" name="inform_textTest" time="0.038"/>
  <testcase classname="com.PB.PageTest.PB_BillPayTest" name="requiredfieldsTest" time="0.062"/>
  <testcase classname="com.PB.PageTest.PB_BillPayTest" name="requiredfieldsTextTest" time="0.131"/>
  <testcase classname="com.PB.PageTest.PB_BillPayTest" name="PaymentcompleteTest" time="0.822"/>
</testsuite> <!-- Para Bank APP BillPay Page Test -->
