<?xml version="1.0" encoding="UTF-8"?>
<!-- Generated by org.testng.reporters.JUnitXMLReporter -->
<testsuite ignored="0" hostname="LAPTOP-L3J7KBEK" failures="0" tests="5" name="Para Bank APP Home Page Test" time="13.025" errors="0" timestamp="2023-05-04T23:16:15 IST">
  <testcase classname="com.PB.PageTest.PB_HomePageTest" name="currenturlTest" time="0.016"/>
  <testcase classname="com.PB.PageTest.PB_HomePageTest" name="headertextTest" time="0.033"/>
  <testcase classname="com.PB.PageTest.PB_HomePageTest" name="totallinkscountTest" time="0.351"/>
  <testcase classname="com.PB.PageTest.PB_HomePageTest" name="headerlinkscountTest" time="0.067"/>
  <testcase classname="com.PB.PageTest.PB_HomePageTest" name="welcomelinkstextTest" time="0.08"/>
</testsuite> <!-- Para Bank APP Home Page Test -->
