<?xml version="1.0" encoding="UTF-8"?>
<!-- Generated by org.testng.reporters.JUnitXMLReporter -->
<testsuite ignored="0" hostname="LAPTOP-L3J7KBEK" failures="0" tests="10" name="Para Bank APP AccountOverview Page Test" time="16.291" errors="0" timestamp="2023-05-04T23:16:53 IST">
  <testcase classname="com.PB.PageTest.PB_AccountOverviewPageTest" name="currenturlTest" time="0.009"/>
  <testcase classname="com.PB.PageTest.PB_AccountOverviewPageTest" name="headertextTest" time="0.027"/>
  <testcase classname="com.PB.PageTest.PB_AccountOverviewPageTest" name="Tablecol_countTest" time="0.046"/>
  <testcase classname="com.PB.PageTest.PB_AccountOverviewPageTest" name="Tablecol_TextTest" time="0.037"/>
  <testcase classname="com.PB.PageTest.PB_AccountOverviewPageTest" name="Table_col_textTest" time="0.02"/>
  <testcase classname="com.PB.PageTest.PB_AccountOverviewPageTest" name="check_balanceTest" time="0.029"/>
  <testcase classname="com.PB.PageTest.PB_AccountOverviewPageTest" name="AccountverifyTest" time="4.09"/>
  <testcase classname="com.PB.PageTest.PB_AccountOverviewPageTest" name="Acc_headerTest" time="0.027"/>
  <testcase classname="com.PB.PageTest.PB_AccountOverviewPageTest" name="AccountTypeverifyTest" time="0.024"/>
  <testcase classname="com.PB.PageTest.PB_AccountOverviewPageTest" name="acc_activityTest" time="0.759"/>
</testsuite> <!-- Para Bank APP AccountOverview Page Test -->
