<?xml version="1.0" encoding="UTF-8"?>
<!-- Generated by org.testng.reporters.JUnitXMLReporter -->
<testsuite ignored="0" hostname="LAPTOP-L3J7KBEK" failures="0" tests="3" name="Para Bank APP FindTransaction Page Test" time="12.692" errors="0" timestamp="2023-05-04T23:17:39 IST">
  <testcase classname="com.PB.PageTest.PB_FindTransactionPageTest" name="geturlTest" time="0.005"/>
  <testcase classname="com.PB.PageTest.PB_FindTransactionPageTest" name="Find_headerPagetextTest" time="0.039"/>
  <testcase classname="com.PB.PageTest.PB_FindTransactionPageTest" name="drop_optTest" time="0.072"/>
</testsuite> <!-- Para Bank APP FindTransaction Page Test -->
