<?xml version="1.0" encoding="UTF-8"?>
<!-- Generated by org.testng.reporters.JUnitXMLReporter -->
<testsuite ignored="0" hostname="LAPTOP-L3J7KBEK" failures="0" tests="4" name="Para Bank APP service page Test" time="11.618" errors="0" timestamp="2023-05-04T23:18:35 IST">
  <testcase classname="com.PB.PageTest.PB_ServicesPageTest" name="getcurrent_urlTest" time="0.006"/>
  <testcase classname="com.PB.PageTest.PB_ServicesPageTest" name="last_table_headingTest" time="0.057"/>
  <testcase classname="com.PB.PageTest.PB_ServicesPageTest" name="tablecountTest" time="0.026"/>
  <testcase classname="com.PB.PageTest.PB_ServicesPageTest" name="Table1textTest" time="0.094"/>
</testsuite> <!-- Para Bank APP service page Test -->
