<?xml version="1.0" encoding="UTF-8"?>
<!-- Generated by org.testng.reporters.JUnitXMLReporter -->
<testsuite ignored="0" hostname="LAPTOP-L3J7KBEK" failures="0" tests="5" name="Para Bank APP Footer page Test" time="16.911" errors="0" timestamp="2023-05-04T23:18:52 IST">
  <testcase classname="com.PB.PageTest.PB_FooterpageTest" name="footer_link_countTest" time="0.023"/>
  <testcase classname="com.PB.PageTest.PB_FooterpageTest" name="footer_textTest" time="0.138"/>
  <testcase classname="com.PB.PageTest.PB_FooterpageTest" name="services_linksTest" time="0.709"/>
  <testcase classname="com.PB.PageTest.PB_FooterpageTest" name="customer_careTest" time="1.917"/>
  <testcase classname="com.PB.PageTest.PB_FooterpageTest" name="customer_care_requestTest" time="0.846"/>
</testsuite> <!-- Para Bank APP Footer page Test -->
